2026-03-05 17:42:10 │ INFO    │ main               │ ============================================================
2026-03-05 17:42:10 │ INFO    │ main               │ BSC Token Daily Growth Report
2026-03-05 17:42:10 │ INFO    │ main               │   Contract: 0xe3ec133e29addfbba26a412c38ed5de37195156f
2026-03-05 17:42:10 │ INFO    │ main               │   Minter:   0x344659F3Ef3c2D2A0cdF071ea13Fa87867777777
2026-03-05 17:42:10 │ INFO    │ main               │   Lookback: 30 days
2026-03-05 17:42:10 │ INFO    │ main               │   Timezone: Asia/Taipei
2026-03-05 17:42:10 │ INFO    │ main               │ ============================================================
2026-03-05 17:42:10 │ INFO    │ main               │ 
[1/3] Fetching on-chain data from Dune Analytics...
2026-03-05 17:42:10 │ INFO    │ dune_analyzer      │ Starting Dune on-chain analysis...
2026-03-05 17:42:10 │ INFO    │ dune_analyzer      │   → Fetching today_new_users...
2026-03-05 17:42:10 │ INFO    │ dune_client.api.base │ executing SQL on medium cluster
2026-03-05 17:42:11 │ INFO    │ dune_client.api.base │ waiting for query execution 01KJYP0KGZNGKZ1TKT9ND05AVM to complete: ExecutionState.PENDING (queue position: None)
2026-03-05 17:42:12 │ INFO    │ dune_client.api.base │ waiting for query execution 01KJYP0KGZNGKZ1TKT9ND05AVM to complete: ExecutionState.PENDING (queue position: None)
2026-03-05 17:42:14 │ INFO    │ dune_client.api.base │ waiting for query execution 01KJYP0KGZNGKZ1TKT9ND05AVM to complete: ExecutionState.EXECUTING
2026-03-05 17:42:17 │ INFO    │ dune_client.api.base │ waiting for query execution 01KJYP0KGZNGKZ1TKT9ND05AVM to complete: ExecutionState.EXECUTING
2026-03-05 17:42:20 │ INFO    │ dune_client.api.base │ waiting for query execution 01KJYP0KGZNGKZ1TKT9ND05AVM to complete: ExecutionState.EXECUTING
2026-03-05 17:42:24 │ INFO    │ dune_client.api.base │ waiting for query execution 01KJYP0KGZNGKZ1TKT9ND05AVM to complete: ExecutionState.EXECUTING
2026-03-05 17:42:27 │ INFO    │ dune_client.api.base │ waiting for query execution 01KJYP0KGZNGKZ1TKT9ND05AVM to complete: ExecutionState.EXECUTING
2026-03-05 17:42:31 │ INFO    │ dune_client.api.base │ waiting for query execution 01KJYP0KGZNGKZ1TKT9ND05AVM to complete: ExecutionState.EXECUTING
2026-03-05 17:42:39 │ INFO    │ dune_analyzer      │     ✓ today_new_users: 1 rows
2026-03-05 17:42:39 │ INFO    │ dune_analyzer      │   → Fetching wallet_age_analysis...
2026-03-05 17:42:39 │ INFO    │ dune_client.api.base │ executing SQL on medium cluster
2026-03-05 17:42:42 │ INFO    │ dune_client.api.base │ waiting for query execution 01KJYP1HABXFYB3QSAR06NT3NB to complete: ExecutionState.PENDING (queue position: None)
2026-03-05 17:42:53 │ WARNING │ urllib3.connectionpool │ Retrying (Retry(total=4, connect=None, read=None, redirect=None, status=None)) after connection broken by 'ReadTimeoutError("HTTPSConnectionPool(host='api.dune.com', port=443): Read timed out. (read timeout=10.0)")': /api/v1/execution/01KJYP1HABXFYB3QSAR06NT3NB/status
2026-03-05 17:42:54 │ INFO    │ dune_client.api.base │ waiting for query execution 01KJYP1HABXFYB3QSAR06NT3NB to complete: ExecutionState.EXECUTING
2026-03-05 17:42:55 │ INFO    │ dune_client.api.base │ waiting for query execution 01KJYP1HABXFYB3QSAR06NT3NB to complete: ExecutionState.EXECUTING
2026-03-05 17:42:56 │ INFO    │ dune_client.api.base │ waiting for query execution 01KJYP1HABXFYB3QSAR06NT3NB to complete: ExecutionState.EXECUTING
2026-03-05 17:42:57 │ INFO    │ dune_client.api.base │ waiting for query execution 01KJYP1HABXFYB3QSAR06NT3NB to complete: ExecutionState.EXECUTING
2026-03-05 17:42:59 │ INFO    │ dune_client.api.base │ waiting for query execution 01KJYP1HABXFYB3QSAR06NT3NB to complete: ExecutionState.EXECUTING
2026-03-05 17:43:00 │ INFO    │ dune_client.api.base │ waiting for query execution 01KJYP1HABXFYB3QSAR06NT3NB to complete: ExecutionState.EXECUTING
2026-03-05 17:43:01 │ INFO    │ dune_client.api.base │ waiting for query execution 01KJYP1HABXFYB3QSAR06NT3NB to complete: ExecutionState.EXECUTING
2026-03-05 17:43:03 │ INFO    │ dune_client.api.base │ waiting for query execution 01KJYP1HABXFYB3QSAR06NT3NB to complete: ExecutionState.EXECUTING
2026-03-05 17:43:04 │ INFO    │ dune_client.api.base │ waiting for query execution 01KJYP1HABXFYB3QSAR06NT3NB to complete: ExecutionState.EXECUTING
2026-03-05 17:43:05 │ INFO    │ dune_client.api.base │ waiting for query execution 01KJYP1HABXFYB3QSAR06NT3NB to complete: ExecutionState.EXECUTING
2026-03-05 17:43:07 │ INFO    │ dune_client.api.base │ waiting for query execution 01KJYP1HABXFYB3QSAR06NT3NB to complete: ExecutionState.EXECUTING
2026-03-05 17:43:08 │ INFO    │ dune_client.api.base │ waiting for query execution 01KJYP1HABXFYB3QSAR06NT3NB to complete: ExecutionState.EXECUTING
2026-03-05 17:43:09 │ INFO    │ dune_client.api.base │ waiting for query execution 01KJYP1HABXFYB3QSAR06NT3NB to complete: ExecutionState.EXECUTING
2026-03-05 17:43:11 │ INFO    │ dune_client.api.base │ waiting for query execution 01KJYP1HABXFYB3QSAR06NT3NB to complete: ExecutionState.EXECUTING
2026-03-05 17:43:12 │ INFO    │ dune_client.api.base │ waiting for query execution 01KJYP1HABXFYB3QSAR06NT3NB to complete: ExecutionState.EXECUTING
2026-03-05 17:43:13 │ INFO    │ dune_client.api.base │ waiting for query execution 01KJYP1HABXFYB3QSAR06NT3NB to complete: ExecutionState.EXECUTING
2026-03-05 17:43:15 │ INFO    │ dune_client.api.base │ waiting for query execution 01KJYP1HABXFYB3QSAR06NT3NB to complete: ExecutionState.EXECUTING
2026-03-05 17:43:16 │ INFO    │ dune_client.api.base │ waiting for query execution 01KJYP1HABXFYB3QSAR06NT3NB to complete: ExecutionState.EXECUTING
2026-03-05 17:43:17 │ INFO    │ dune_client.api.base │ waiting for query execution 01KJYP1HABXFYB3QSAR06NT3NB to complete: ExecutionState.EXECUTING
2026-03-05 17:43:18 │ INFO    │ dune_client.api.base │ waiting for query execution 01KJYP1HABXFYB3QSAR06NT3NB to complete: ExecutionState.EXECUTING
2026-03-05 17:43:20 │ INFO    │ dune_client.api.base │ waiting for query execution 01KJYP1HABXFYB3QSAR06NT3NB to complete: ExecutionState.EXECUTING
2026-03-05 17:43:21 │ INFO    │ dune_client.api.base │ waiting for query execution 01KJYP1HABXFYB3QSAR06NT3NB to complete: ExecutionState.EXECUTING
2026-03-05 17:43:22 │ INFO    │ dune_client.api.base │ waiting for query execution 01KJYP1HABXFYB3QSAR06NT3NB to complete: ExecutionState.EXECUTING
2026-03-05 17:43:23 │ INFO    │ dune_client.api.base │ waiting for query execution 01KJYP1HABXFYB3QSAR06NT3NB to complete: ExecutionState.EXECUTING
2026-03-05 17:43:25 │ INFO    │ dune_client.api.base │ waiting for query execution 01KJYP1HABXFYB3QSAR06NT3NB to complete: ExecutionState.EXECUTING
2026-03-05 17:43:26 │ INFO    │ dune_client.api.base │ waiting for query execution 01KJYP1HABXFYB3QSAR06NT3NB to complete: ExecutionState.EXECUTING
2026-03-05 17:43:27 │ INFO    │ dune_client.api.base │ waiting for query execution 01KJYP1HABXFYB3QSAR06NT3NB to complete: ExecutionState.EXECUTING
2026-03-05 17:43:29 │ INFO    │ dune_client.api.base │ waiting for query execution 01KJYP1HABXFYB3QSAR06NT3NB to complete: ExecutionState.EXECUTING
2026-03-05 17:43:30 │ INFO    │ dune_client.api.base │ waiting for query execution 01KJYP1HABXFYB3QSAR06NT3NB to complete: ExecutionState.EXECUTING
2026-03-05 17:43:31 │ INFO    │ dune_client.api.base │ waiting for query execution 01KJYP1HABXFYB3QSAR06NT3NB to complete: ExecutionState.EXECUTING
2026-03-05 17:43:33 │ INFO    │ dune_client.api.base │ waiting for query execution 01KJYP1HABXFYB3QSAR06NT3NB to complete: ExecutionState.EXECUTING
2026-03-05 17:43:34 │ INFO    │ dune_client.api.base │ waiting for query execution 01KJYP1HABXFYB3QSAR06NT3NB to complete: ExecutionState.EXECUTING
2026-03-05 17:43:35 │ INFO    │ dune_client.api.base │ waiting for query execution 01KJYP1HABXFYB3QSAR06NT3NB to complete: ExecutionState.EXECUTING
2026-03-05 17:43:37 │ INFO    │ dune_client.api.base │ waiting for query execution 01KJYP1HABXFYB3QSAR06NT3NB to complete: ExecutionState.EXECUTING
2026-03-05 17:43:38 │ INFO    │ dune_client.api.base │ waiting for query execution 01KJYP1HABXFYB3QSAR06NT3NB to complete: ExecutionState.EXECUTING
2026-03-05 17:43:39 │ INFO    │ dune_client.api.base │ waiting for query execution 01KJYP1HABXFYB3QSAR06NT3NB to complete: ExecutionState.EXECUTING
2026-03-05 17:43:40 │ INFO    │ dune_client.api.base │ waiting for query execution 01KJYP1HABXFYB3QSAR06NT3NB to complete: ExecutionState.EXECUTING
2026-03-05 17:43:42 │ INFO    │ dune_client.api.base │ waiting for query execution 01KJYP1HABXFYB3QSAR06NT3NB to complete: ExecutionState.EXECUTING
2026-03-05 17:43:43 │ INFO    │ dune_client.api.base │ waiting for query execution 01KJYP1HABXFYB3QSAR06NT3NB to complete: ExecutionState.EXECUTING
2026-03-05 17:43:44 │ INFO    │ dune_client.api.base │ waiting for query execution 01KJYP1HABXFYB3QSAR06NT3NB to complete: ExecutionState.EXECUTING
2026-03-05 17:43:46 │ INFO    │ dune_client.api.base │ waiting for query execution 01KJYP1HABXFYB3QSAR06NT3NB to complete: ExecutionState.EXECUTING
2026-03-05 17:43:47 │ INFO    │ dune_client.api.base │ waiting for query execution 01KJYP1HABXFYB3QSAR06NT3NB to complete: ExecutionState.EXECUTING
2026-03-05 17:43:48 │ INFO    │ dune_client.api.base │ waiting for query execution 01KJYP1HABXFYB3QSAR06NT3NB to complete: ExecutionState.EXECUTING
2026-03-05 17:43:50 │ INFO    │ dune_client.api.base │ waiting for query execution 01KJYP1HABXFYB3QSAR06NT3NB to complete: ExecutionState.EXECUTING
2026-03-05 17:43:51 │ INFO    │ dune_client.api.base │ waiting for query execution 01KJYP1HABXFYB3QSAR06NT3NB to complete: ExecutionState.EXECUTING
2026-03-05 17:44:00 │ INFO    │ dune_client.api.base │ waiting for query execution 01KJYP1HABXFYB3QSAR06NT3NB to complete: ExecutionState.EXECUTING
2026-03-05 17:44:02 │ INFO    │ dune_client.api.base │ waiting for query execution 01KJYP1HABXFYB3QSAR06NT3NB to complete: ExecutionState.EXECUTING
2026-03-05 17:44:03 │ INFO    │ dune_client.api.base │ waiting for query execution 01KJYP1HABXFYB3QSAR06NT3NB to complete: ExecutionState.EXECUTING
2026-03-05 17:44:04 │ INFO    │ dune_client.api.base │ waiting for query execution 01KJYP1HABXFYB3QSAR06NT3NB to complete: ExecutionState.EXECUTING
2026-03-05 17:44:06 │ INFO    │ dune_client.api.base │ waiting for query execution 01KJYP1HABXFYB3QSAR06NT3NB to complete: ExecutionState.EXECUTING
2026-03-05 17:44:07 │ INFO    │ dune_client.api.base │ waiting for query execution 01KJYP1HABXFYB3QSAR06NT3NB to complete: ExecutionState.EXECUTING
2026-03-05 17:44:08 │ INFO    │ dune_client.api.base │ waiting for query execution 01KJYP1HABXFYB3QSAR06NT3NB to complete: ExecutionState.EXECUTING
2026-03-05 17:44:10 │ INFO    │ dune_client.api.base │ waiting for query execution 01KJYP1HABXFYB3QSAR06NT3NB to complete: ExecutionState.EXECUTING
2026-03-05 17:44:11 │ INFO    │ dune_client.api.base │ waiting for query execution 01KJYP1HABXFYB3QSAR06NT3NB to complete: ExecutionState.EXECUTING
2026-03-05 17:44:12 │ INFO    │ dune_client.api.base │ waiting for query execution 01KJYP1HABXFYB3QSAR06NT3NB to complete: ExecutionState.EXECUTING
2026-03-05 17:44:14 │ INFO    │ dune_client.api.base │ waiting for query execution 01KJYP1HABXFYB3QSAR06NT3NB to complete: ExecutionState.EXECUTING
2026-03-05 17:44:15 │ INFO    │ dune_client.api.base │ waiting for query execution 01KJYP1HABXFYB3QSAR06NT3NB to complete: ExecutionState.EXECUTING
2026-03-05 17:44:16 │ INFO    │ dune_client.api.base │ waiting for query execution 01KJYP1HABXFYB3QSAR06NT3NB to complete: ExecutionState.EXECUTING
2026-03-05 17:44:18 │ INFO    │ dune_analyzer      │     ✓ wallet_age_analysis: 11 rows
2026-03-05 17:44:18 │ INFO    │ dune_analyzer      │   → Fetching daily_mint_trend...
2026-03-05 17:44:18 │ INFO    │ dune_client.api.base │ executing SQL on medium cluster
2026-03-05 17:44:18 │ INFO    │ dune_client.api.base │ waiting for query execution 01KJYP4FRQXM952W6GJR5ZHZ91 to complete: ExecutionState.PENDING (queue position: None)
2026-03-05 17:44:20 │ INFO    │ dune_client.api.base │ waiting for query execution 01KJYP4FRQXM952W6GJR5ZHZ91 to complete: ExecutionState.EXECUTING
2026-03-05 17:44:21 │ INFO    │ dune_client.api.base │ waiting for query execution 01KJYP4FRQXM952W6GJR5ZHZ91 to complete: ExecutionState.EXECUTING
2026-03-05 17:44:22 │ INFO    │ dune_client.api.base │ waiting for query execution 01KJYP4FRQXM952W6GJR5ZHZ91 to complete: ExecutionState.EXECUTING
2026-03-05 17:44:24 │ INFO    │ dune_client.api.base │ waiting for query execution 01KJYP4FRQXM952W6GJR5ZHZ91 to complete: ExecutionState.EXECUTING
2026-03-05 17:44:25 │ INFO    │ dune_client.api.base │ waiting for query execution 01KJYP4FRQXM952W6GJR5ZHZ91 to complete: ExecutionState.EXECUTING
2026-03-05 17:44:26 │ INFO    │ dune_client.api.base │ waiting for query execution 01KJYP4FRQXM952W6GJR5ZHZ91 to complete: ExecutionState.EXECUTING
2026-03-05 17:44:27 │ INFO    │ dune_client.api.base │ waiting for query execution 01KJYP4FRQXM952W6GJR5ZHZ91 to complete: ExecutionState.EXECUTING
2026-03-05 17:44:29 │ INFO    │ dune_client.api.base │ waiting for query execution 01KJYP4FRQXM952W6GJR5ZHZ91 to complete: ExecutionState.EXECUTING
2026-03-05 17:44:30 │ INFO    │ dune_client.api.base │ waiting for query execution 01KJYP4FRQXM952W6GJR5ZHZ91 to complete: ExecutionState.EXECUTING
2026-03-05 17:44:31 │ INFO    │ dune_client.api.base │ waiting for query execution 01KJYP4FRQXM952W6GJR5ZHZ91 to complete: ExecutionState.EXECUTING
2026-03-05 17:44:33 │ INFO    │ dune_client.api.base │ waiting for query execution 01KJYP4FRQXM952W6GJR5ZHZ91 to complete: ExecutionState.EXECUTING
2026-03-05 17:44:34 │ INFO    │ dune_client.api.base │ waiting for query execution 01KJYP4FRQXM952W6GJR5ZHZ91 to complete: ExecutionState.EXECUTING
2026-03-05 17:44:35 │ INFO    │ dune_client.api.base │ waiting for query execution 01KJYP4FRQXM952W6GJR5ZHZ91 to complete: ExecutionState.EXECUTING
2026-03-05 17:44:36 │ INFO    │ dune_client.api.base │ waiting for query execution 01KJYP4FRQXM952W6GJR5ZHZ91 to complete: ExecutionState.EXECUTING
2026-03-05 17:44:38 │ INFO    │ dune_analyzer      │     ✓ daily_mint_trend: 31 rows
2026-03-05 17:44:38 │ INFO    │ dune_analyzer      │   → Fetching total_holders...
2026-03-05 17:44:38 │ INFO    │ dune_client.api.base │ executing SQL on medium cluster
2026-03-05 17:44:39 │ INFO    │ dune_client.api.base │ waiting for query execution 01KJYP53F53SHCX8R4J96JC226 to complete: ExecutionState.PENDING (queue position: None)
2026-03-05 17:44:40 │ INFO    │ dune_client.api.base │ waiting for query execution 01KJYP53F53SHCX8R4J96JC226 to complete: ExecutionState.EXECUTING
2026-03-05 17:44:41 │ INFO    │ dune_client.api.base │ waiting for query execution 01KJYP53F53SHCX8R4J96JC226 to complete: ExecutionState.EXECUTING
2026-03-05 17:44:42 │ INFO    │ dune_client.api.base │ waiting for query execution 01KJYP53F53SHCX8R4J96JC226 to complete: ExecutionState.EXECUTING
2026-03-05 17:44:44 │ INFO    │ dune_client.api.base │ waiting for query execution 01KJYP53F53SHCX8R4J96JC226 to complete: ExecutionState.EXECUTING
2026-03-05 17:44:45 │ INFO    │ dune_client.api.base │ waiting for query execution 01KJYP53F53SHCX8R4J96JC226 to complete: ExecutionState.EXECUTING
2026-03-05 17:44:46 │ INFO    │ dune_client.api.base │ waiting for query execution 01KJYP53F53SHCX8R4J96JC226 to complete: ExecutionState.EXECUTING
2026-03-05 17:44:48 │ INFO    │ dune_client.api.base │ waiting for query execution 01KJYP53F53SHCX8R4J96JC226 to complete: ExecutionState.EXECUTING
2026-03-05 17:45:05 │ INFO    │ dune_client.api.base │ waiting for query execution 01KJYP53F53SHCX8R4J96JC226 to complete: ExecutionState.EXECUTING
2026-03-05 17:45:07 │ INFO    │ dune_client.api.base │ waiting for query execution 01KJYP53F53SHCX8R4J96JC226 to complete: ExecutionState.EXECUTING
2026-03-05 17:45:08 │ INFO    │ dune_client.api.base │ waiting for query execution 01KJYP53F53SHCX8R4J96JC226 to complete: ExecutionState.EXECUTING
2026-03-05 17:45:09 │ INFO    │ dune_client.api.base │ waiting for query execution 01KJYP53F53SHCX8R4J96JC226 to complete: ExecutionState.EXECUTING
2026-03-05 17:45:11 │ INFO    │ dune_client.api.base │ waiting for query execution 01KJYP53F53SHCX8R4J96JC226 to complete: ExecutionState.EXECUTING
2026-03-05 17:45:12 │ INFO    │ dune_client.api.base │ waiting for query execution 01KJYP53F53SHCX8R4J96JC226 to complete: ExecutionState.EXECUTING
2026-03-05 17:45:13 │ INFO    │ dune_client.api.base │ waiting for query execution 01KJYP53F53SHCX8R4J96JC226 to complete: ExecutionState.EXECUTING
2026-03-05 17:45:15 │ INFO    │ dune_client.api.base │ waiting for query execution 01KJYP53F53SHCX8R4J96JC226 to complete: ExecutionState.EXECUTING
2026-03-05 17:45:16 │ INFO    │ dune_client.api.base │ waiting for query execution 01KJYP53F53SHCX8R4J96JC226 to complete: ExecutionState.EXECUTING
2026-03-05 17:45:17 │ INFO    │ dune_client.api.base │ waiting for query execution 01KJYP53F53SHCX8R4J96JC226 to complete: ExecutionState.EXECUTING
2026-03-05 17:45:18 │ INFO    │ dune_client.api.base │ waiting for query execution 01KJYP53F53SHCX8R4J96JC226 to complete: ExecutionState.EXECUTING
2026-03-05 17:45:20 │ INFO    │ dune_client.api.base │ waiting for query execution 01KJYP53F53SHCX8R4J96JC226 to complete: ExecutionState.EXECUTING
2026-03-05 17:45:21 │ INFO    │ dune_client.api.base │ waiting for query execution 01KJYP53F53SHCX8R4J96JC226 to complete: ExecutionState.EXECUTING
2026-03-05 17:45:22 │ INFO    │ dune_client.api.base │ waiting for query execution 01KJYP53F53SHCX8R4J96JC226 to complete: ExecutionState.EXECUTING
2026-03-05 17:45:24 │ INFO    │ dune_client.api.base │ waiting for query execution 01KJYP53F53SHCX8R4J96JC226 to complete: ExecutionState.EXECUTING
2026-03-05 17:45:25 │ INFO    │ dune_client.api.base │ waiting for query execution 01KJYP53F53SHCX8R4J96JC226 to complete: ExecutionState.EXECUTING
2026-03-05 17:45:26 │ INFO    │ dune_client.api.base │ waiting for query execution 01KJYP53F53SHCX8R4J96JC226 to complete: ExecutionState.EXECUTING
2026-03-05 17:45:27 │ INFO    │ dune_client.api.base │ waiting for query execution 01KJYP53F53SHCX8R4J96JC226 to complete: ExecutionState.EXECUTING
2026-03-05 17:45:29 │ INFO    │ dune_client.api.base │ waiting for query execution 01KJYP53F53SHCX8R4J96JC226 to complete: ExecutionState.EXECUTING
2026-03-05 17:45:30 │ INFO    │ dune_client.api.base │ waiting for query execution 01KJYP53F53SHCX8R4J96JC226 to complete: ExecutionState.EXECUTING
2026-03-05 17:45:31 │ INFO    │ dune_client.api.base │ waiting for query execution 01KJYP53F53SHCX8R4J96JC226 to complete: ExecutionState.EXECUTING
2026-03-05 17:45:33 │ INFO    │ dune_client.api.base │ waiting for query execution 01KJYP53F53SHCX8R4J96JC226 to complete: ExecutionState.EXECUTING
2026-03-05 17:45:34 │ INFO    │ dune_client.api.base │ waiting for query execution 01KJYP53F53SHCX8R4J96JC226 to complete: ExecutionState.EXECUTING
2026-03-05 17:45:35 │ INFO    │ dune_client.api.base │ waiting for query execution 01KJYP53F53SHCX8R4J96JC226 to complete: ExecutionState.EXECUTING
2026-03-05 17:45:36 │ INFO    │ dune_client.api.base │ waiting for query execution 01KJYP53F53SHCX8R4J96JC226 to complete: ExecutionState.EXECUTING
2026-03-05 17:45:38 │ INFO    │ dune_client.api.base │ waiting for query execution 01KJYP53F53SHCX8R4J96JC226 to complete: ExecutionState.EXECUTING
2026-03-05 17:45:39 │ INFO    │ dune_client.api.base │ waiting for query execution 01KJYP53F53SHCX8R4J96JC226 to complete: ExecutionState.EXECUTING
2026-03-05 17:45:40 │ INFO    │ dune_client.api.base │ waiting for query execution 01KJYP53F53SHCX8R4J96JC226 to complete: ExecutionState.EXECUTING
2026-03-05 17:45:42 │ INFO    │ dune_client.api.base │ waiting for query execution 01KJYP53F53SHCX8R4J96JC226 to complete: ExecutionState.EXECUTING
2026-03-05 17:45:43 │ INFO    │ dune_client.api.base │ waiting for query execution 01KJYP53F53SHCX8R4J96JC226 to complete: ExecutionState.EXECUTING
2026-03-05 17:45:44 │ INFO    │ dune_client.api.base │ waiting for query execution 01KJYP53F53SHCX8R4J96JC226 to complete: ExecutionState.EXECUTING
2026-03-05 17:45:46 │ INFO    │ dune_analyzer      │     ✓ total_holders: 1 rows
2026-03-05 17:45:46 │ INFO    │ main               │ 
[2/3] Running growth analysis...
2026-03-05 17:45:46 │ INFO    │ analyzer           │ Running growth analysis...
2026-03-05 17:45:46 │ INFO    │ analyzer           │ Analysis complete. Generated 2 insights.
2026-03-05 17:45:46 │ INFO    │ main               │ 
[3/3] Generating scrollytelling report...
2026-03-05 17:45:46 │ INFO    │ report_generator   │ Generating HTML report...
2026-03-05 17:45:46 │ INFO    │ report_generator   │ Report saved to: reports/bsc_token_report_2026-03-05.html
2026-03-05 17:45:46 │ INFO    │ main               │ 
2026-03-05 17:45:46 │ INFO    │ main               │ ============================================================
2026-03-05 17:45:46 │ INFO    │ main               │ ✅ Report generated: reports/bsc_token_report_2026-03-05.html
2026-03-05 17:45:46 │ INFO    │ main               │ ============================================================
